[debug] [2019-10-21T03:25:15.833Z] ----------------------------------------------------------------------
[debug] [2019-10-21T03:25:15.843Z] Command:       C:\Program Files\nodejs\node.exe C:\Users\jvbra\IdeaProjects\rfid-quasar\node_modules\firebase-tools\lib\bin\firebase.js deploy
[debug] [2019-10-21T03:25:15.844Z] CLI Version:   7.5.0
[debug] [2019-10-21T03:25:15.844Z] Platform:      win32
[debug] [2019-10-21T03:25:15.844Z] Node Version:  v10.16.3
[debug] [2019-10-21T03:25:15.845Z] Time:          Mon Oct 21 2019 00:25:15 GMT-0300 (GMT-03:00)
[debug] [2019-10-21T03:25:15.845Z] ----------------------------------------------------------------------
[debug] 
[debug] [2019-10-21T03:25:15.881Z] > command requires scopes: ["email","openid","https://www.googleapis.com/auth/cloudplatformprojects.readonly","https://www.googleapis.com/auth/firebase","https://www.googleapis.com/auth/cloud-platform"]
[debug] [2019-10-21T03:25:15.882Z] > authorizing via signed-in user
[debug] [2019-10-21T03:25:15.882Z] [iam] checking project rfid-ifmg for permissions ["datastore.indexes.create","datastore.indexes.delete","datastore.indexes.list","datastore.indexes.update","firebase.projects.get","firebasehosting.sites.update"]
[debug] [2019-10-21T03:25:15.887Z] > refreshing access token with scopes: ["email","https://www.googleapis.com/auth/cloud-platform","https://www.googleapis.com/auth/cloudplatformprojects.readonly","https://www.googleapis.com/auth/firebase","openid"]
[debug] [2019-10-21T03:25:15.889Z] >>> HTTP REQUEST POST https://www.googleapis.com/oauth2/v3/token  
 <request body omitted>
[debug] [2019-10-21T03:25:16.205Z] <<< HTTP RESPONSE 200
[debug] [2019-10-21T03:25:16.463Z] >>> HTTP REQUEST POST https://cloudresourcemanager.googleapis.com/v1/projects/rfid-ifmg:testIamPermissions  

[debug] [2019-10-21T03:25:17.575Z] <<< HTTP RESPONSE 200
[debug] [2019-10-21T03:25:17.578Z] >>> HTTP REQUEST GET https://firebase.googleapis.com/v1beta1/projects/rfid-ifmg  
 
[debug] [2019-10-21T03:25:18.900Z] <<< HTTP RESPONSE 200
[info] 
[info] === Deploying to 'rfid-ifmg'...
[info] 
[info] i  deploying firestore, hosting
[info] i  firestore: checking firestore.rules for compilation errors...
[info] i  firestore: reading indexes from firestore.indexes.json...
[debug] [2019-10-21T03:25:18.916Z] >>> HTTP REQUEST POST https://firebaserules.googleapis.com/v1/projects/rfid-ifmg:test  

